\BOOKMARK [1][-]{section.1}{Overview of BEAMnrc}{}% 1
\BOOKMARK [2][-]{subsection.1.1}{The Physics in BEAMnrc}{section.1}% 2
\BOOKMARK [2][-]{subsection.1.2}{Other documents available}{section.1}% 3
\BOOKMARK [2][-]{subsection.1.3}{Overview of the directory structure}{section.1}% 4
\BOOKMARK [2][-]{subsection.1.4}{Overview of running BEAMnrc}{section.1}% 5
\BOOKMARK [1][-]{section.2}{Building/compiling/running BEAMnrc}{}% 6
\BOOKMARK [2][-]{subsection.2.1}{``Specifying'' Accelerators}{section.2}% 7
\BOOKMARK [2][-]{subsection.2.2}{Building an Accelerator: The beam\137build Code}{section.2}% 8
\BOOKMARK [2][-]{subsection.2.3}{Compiling an Accelerator using make}{section.2}% 9
\BOOKMARK [3][-]{subsubsection.2.3.1}{Compiling an Accelerator as a Shared Library}{subsection.2.3}% 10
\BOOKMARK [2][-]{subsection.2.4}{Compiling an Accelerator using mf \(Unix/Linux specific\)}{section.2}% 11
\BOOKMARK [2][-]{subsection.2.5}{Building/Compiling with the BEAM GUI}{section.2}% 12
\BOOKMARK [2][-]{subsection.2.6}{Internal Documentation \046 Input Description}{section.2}% 13
\BOOKMARK [2][-]{subsection.2.7}{Running an Accelerator Simulation}{section.2}% 14
\BOOKMARK [3][-]{subsubsection.2.7.1}{Batch Runs}{subsection.2.7}% 15
\BOOKMARK [2][-]{subsection.2.8}{Running BEAMnrc using the GUI}{section.2}% 16
\BOOKMARK [2][-]{subsection.2.9}{A Note on Temporary Working Directories}{section.2}% 17
\BOOKMARK [2][-]{subsection.2.10}{BEAMnrc Output Files}{section.2}% 18
\BOOKMARK [2][-]{subsection.2.11}{Changing the defaults}{section.2}% 19
\BOOKMARK [2][-]{subsection.2.12}{Some Details}{section.2}% 20
\BOOKMARK [3][-]{subsubsection.2.12.1}{The BEAM\137myaccel.io File}{subsection.2.12}% 21
\BOOKMARK [3][-]{subsubsection.2.12.2}{What's in BEAM\137myaccel\137macros.mortran and BEAM\137myaccel\137cm.mortran}{subsection.2.12}% 22
\BOOKMARK [3][-]{subsubsection.2.12.3}{Files used during Compilation with make}{subsection.2.12}% 23
\BOOKMARK [3][-]{subsubsection.2.12.4}{Files Concatenated to Create mortjob.mortran}{subsection.2.12}% 24
\BOOKMARK [1][-]{section.3}{Description of main BEAMnrc input file}{}% 25
\BOOKMARK [2][-]{subsection.3.1}{Sample input files}{section.3}% 26
\BOOKMARK [1][-]{section.4}{Source Routines}{}% 27
\BOOKMARK [2][-]{subsection.4.1}{ISOURC=0: Parallel Circular Beam}{section.4}% 28
\BOOKMARK [2][-]{subsection.4.2}{ISOURC=1: Isotropic Point Source on Z-axis}{section.4}% 29
\BOOKMARK [2][-]{subsection.4.3}{ISOURC=3: Interior Isotropic Cylindrical Source}{section.4}% 30
\BOOKMARK [2][-]{subsection.4.4}{ISOURC=5: NRC Swept BEAM}{section.4}% 31
\BOOKMARK [2][-]{subsection.4.5}{ISOURC=6: Parallel Rectangular Beam}{section.4}% 32
\BOOKMARK [2][-]{subsection.4.6}{ISOURC=7: Scanning Sawtooth Beam}{section.4}% 33
\BOOKMARK [2][-]{subsection.4.7}{ISOURC=8: Scanned Point Source for MM50\205Uniform}{section.4}% 34
\BOOKMARK [2][-]{subsection.4.8}{ISOURC=9: Scanned Point Source for MM50\205Discrete}{section.4}% 35
\BOOKMARK [2][-]{subsection.4.9}{ISOURC=10: Parallel Circular Beam Incident from Side}{section.4}% 36
\BOOKMARK [2][-]{subsection.4.10}{ISOURC=13: Parallel Rectangular Beam Incident from Side}{section.4}% 37
\BOOKMARK [2][-]{subsection.4.11}{ISOURC=15: NRC Swept Beam \(Radial Variation, Divergence\)}{section.4}% 38
\BOOKMARK [2][-]{subsection.4.12}{ISOURC=19: Elliptical Beam with Gaussian Distributions in X and Y, Parallel or with Angular Spread}{section.4}% 39
\BOOKMARK [2][-]{subsection.4.13}{ISOURC=21: Phase Space Source}{section.4}% 40
\BOOKMARK [3][-]{section*.3}{Value of NRCYCL}{subsection.4.13}% 41
\BOOKMARK [4][-]{section*.4}{Inputs IPARALLEL and PARNUM}{section*.3}% 42
\BOOKMARK [4][-]{section*.5}{Inputs re DBS}{section*.3}% 43
\BOOKMARK [4][-]{section*.6}{3-D and 4-D IAEA phase space sources}{section*.3}% 44
\BOOKMARK [2][-]{subsection.4.14}{ISOURC=24: Phase Space Source Incident from User-specified Angle}{section.4}% 45
\BOOKMARK [2][-]{subsection.4.15}{ISOURC=23: BEAM Simulation Source Incident from User-specified Angle}{section.4}% 46
\BOOKMARK [2][-]{subsection.4.16}{ISOURC=31: Phase Space Reconstructed Using Beam Models}{section.4}% 47
\BOOKMARK [1][-]{section.5}{Monoenergetic vs Energy Spectrum Sources}{}% 48
\BOOKMARK [1][-]{section.6}{Variance Reduction in BEAMnrc}{}% 49
\BOOKMARK [2][-]{subsection.6.1}{Range Rejection}{section.6}% 50
\BOOKMARK [2][-]{subsection.6.2}{Photon Forcing}{section.6}% 51
\BOOKMARK [2][-]{subsection.6.3}{Brem Splitting and Russian Roulette}{section.6}% 52
\BOOKMARK [3][-]{subsubsection.6.3.1}{Uniform Bremsstrahlung Splitting}{subsection.6.3}% 53
\BOOKMARK [3][-]{subsubsection.6.3.2}{Selective Bremsstrahlung Splitting}{subsection.6.3}% 54
\BOOKMARK [3][-]{subsubsection.6.3.3}{Charged Particle Russian Roulette}{subsection.6.3}% 55
\BOOKMARK [3][-]{subsubsection.6.3.4}{Directional Bremsstrahlung Splitting \(DBS\)}{subsection.6.3}% 56
\BOOKMARK [4][-]{section*.7}{DBS inputs}{subsubsection.6.3.4}% 57
\BOOKMARK [4][-]{section*.8}{Outline of the DBS algorithm}{subsubsection.6.3.4}% 58
\BOOKMARK [4][-]{section*.9}{DBS parameter selection}{subsubsection.6.3.4}% 59
\BOOKMARK [4][-]{section*.10}{Augmented range rejection with DBS}{subsubsection.6.3.4}% 60
\BOOKMARK [2][-]{subsection.6.4}{Directional Source Biasing}{section.6}% 61
\BOOKMARK [3][-]{section*.11}{DSB performance and parameter selection}{subsection.6.4}% 62
\BOOKMARK [2][-]{subsection.6.5}{BCSE}{section.6}% 63
\BOOKMARK [3][-]{subsubsection.6.5.1}{BCSE inputs}{subsection.6.5}% 64
\BOOKMARK [3][-]{subsubsection.6.5.2}{Simulation optimization with BCSE}{subsection.6.5}% 65
\BOOKMARK [3][-]{subsubsection.6.5.3}{Restrictions }{subsection.6.5}% 66
\BOOKMARK [3][-]{subsubsection.6.5.4}{Outline of the BCSE algorithm}{subsection.6.5}% 67
\BOOKMARK [1][-]{section.7}{Phase Space Files}{}% 68
\BOOKMARK [2][-]{subsection.7.1}{Description of Phase Space Files}{section.7}% 69
\BOOKMARK [2][-]{subsection.7.2}{Maximum Size of Phase Space Files}{section.7}% 70
\BOOKMARK [2][-]{subsection.7.3}{Directory for Phase Space Output}{section.7}% 71
\BOOKMARK [2][-]{subsection.7.4}{IAEA-format phase space data}{section.7}% 72
\BOOKMARK [3][-]{subsubsection.7.4.1}{IAEA format}{subsection.7.4}% 73
\BOOKMARK [3][-]{subsubsection.7.4.2}{Writing IAEA phase space data}{subsection.7.4}% 74
\BOOKMARK [3][-]{subsubsection.7.4.3}{Reading IAEA phase space data}{subsection.7.4}% 75
\BOOKMARK [2][-]{subsection.7.5}{readphsp}{section.7}% 76
\BOOKMARK [2][-]{subsection.7.6}{BEAMDP}{section.7}% 77
\BOOKMARK [1][-]{section.8}{Tracking a Particle's History using LATCH}{}% 78
\BOOKMARK [1][-]{section.9}{Calculating Dose Components}{}% 79
\BOOKMARK [1][-]{section.10}{Other Input Variables}{}% 80
\BOOKMARK [2][-]{subsection.10.1}{IWATCH}{section.10}% 81
\BOOKMARK [2][-]{subsection.10.2}{ISTORE}{section.10}% 82
\BOOKMARK [2][-]{subsection.10.3}{IRESTART}{section.10}% 83
\BOOKMARK [2][-]{subsection.10.4}{IO\137OPT}{section.10}% 84
\BOOKMARK [2][-]{subsection.10.5}{IDAT}{section.10}% 85
\BOOKMARK [2][-]{subsection.10.6}{IZLAST}{section.10}% 86
\BOOKMARK [2][-]{subsection.10.7}{NCASE}{section.10}% 87
\BOOKMARK [2][-]{subsection.10.8}{IXXIN, JXXIN}{section.10}% 88
\BOOKMARK [2][-]{subsection.10.9}{TIMMAX}{section.10}% 89
\BOOKMARK [2][-]{subsection.10.10}{ ECUTIN}{section.10}% 90
\BOOKMARK [2][-]{subsection.10.11}{ PCUTIN}{section.10}% 91
\BOOKMARK [2][-]{subsection.10.12}{ ESTEPIN, SMAX, IDORAY, IFLUOR}{section.10}% 92
\BOOKMARK [2][-]{subsection.10.13}{ ICM\137SPLIT, NSPLIT\137PHOT, NSPLIT\137ELEC}{section.10}% 93
\BOOKMARK [1][-]{section.11}{EGSnrc Monte Carlo Transport Parameters}{}% 94
\BOOKMARK [2][-]{subsection.11.1}{ Global ECUT \(ECUT\)}{section.11}% 95
\BOOKMARK [2][-]{subsection.11.2}{ Global PCUT \(PCUT\)}{section.11}% 96
\BOOKMARK [2][-]{subsection.11.3}{Global SMAX \(SMAXIR\)}{section.11}% 97
\BOOKMARK [2][-]{subsection.11.4}{ESTEPE \(ESTEPE\)}{section.11}% 98
\BOOKMARK [2][-]{subsection.11.5}{XImax \(XIMAX\)}{section.11}% 99
\BOOKMARK [2][-]{subsection.11.6}{Boundary crossing algorithm \(BCA\) \(bca\137algorithm\)}{section.11}% 100
\BOOKMARK [2][-]{subsection.11.7}{Skin depth for BCA \(skindepth\137for\137bca\)}{section.11}% 101
\BOOKMARK [2][-]{subsection.11.8}{Electron-step algorithm \(transport\137algorithm\)}{section.11}% 102
\BOOKMARK [2][-]{subsection.11.9}{Spin effects \(spin\137effects\)}{section.11}% 103
\BOOKMARK [2][-]{subsection.11.10}{ Brems angular sampling \(IBRDST\)}{section.11}% 104
\BOOKMARK [2][-]{subsection.11.11}{ Brems cross sections \(IBR\137NIST\)}{section.11}% 105
\BOOKMARK [2][-]{subsection.11.12}{ Bound Compton scattering \(IBCMP\)}{section.11}% 106
\BOOKMARK [2][-]{subsection.11.13}{ Compton cross sections \(comp\137xsections\)}{section.11}% 107
\BOOKMARK [2][-]{subsection.11.14}{Radiative Compton corrections \(radc\137flag\)}{section.11}% 108
\BOOKMARK [2][-]{subsection.11.15}{ Pair angular sampling \(IPRDST\)}{section.11}% 109
\BOOKMARK [2][-]{subsection.11.16}{ Pair cross sections \(pair\137nrc\)}{section.11}% 110
\BOOKMARK [2][-]{subsection.11.17}{ Photoelectron angular sampling \(IPHTER\)}{section.11}% 111
\BOOKMARK [2][-]{subsection.11.18}{ Rayleigh scattering \(IRAYLR\)}{section.11}% 112
\BOOKMARK [2][-]{subsection.11.19}{Photon cross sections \(photon\137xsections\)}{section.11}% 113
\BOOKMARK [2][-]{subsection.11.20}{Photon cross-sections output \(xsec\137out\)}{section.11}% 114
\BOOKMARK [2][-]{subsection.11.21}{ Atomic Relaxations \(IEDGFL\)}{section.11}% 115
\BOOKMARK [2][-]{subsection.11.22}{ Electron impact ionization \(eii\137flag\)}{section.11}% 116
\BOOKMARK [2][-]{subsection.11.23}{ Triplet production \(itriplet\)}{section.11}% 117
\BOOKMARK [2][-]{subsection.11.24}{ Photonuclear attenuation \(iphotonucr\) and Photonuclear cross sections \(photonuc\137xsections\)}{section.11}% 118
\BOOKMARK [1][-]{section.12}{Custom user inputs}{}% 119
\BOOKMARK [1][-]{section.13}{Parallel Processing}{}% 120
\BOOKMARK [2][-]{subsection.13.1}{Random Number Seeds with Parallel Jobs}{section.13}% 121
\BOOKMARK [2][-]{subsection.13.2}{Phase Space Sources with Parallel Jobs}{section.13}% 122
\BOOKMARK [2][-]{subsection.13.3}{Combining Results from Parallel Jobs}{section.13}% 123
\BOOKMARK [2][-]{subsection.13.4}{Combining Phase Space Files from Parallel Runs using addphsp}{section.13}% 124
\BOOKMARK [2][-]{subsection.13.5}{Parallel Jobs Run from the GUI}{section.13}% 125
\BOOKMARK [2][-]{subsection.13.6}{Restarting Parallel Jobs}{section.13}% 126
\BOOKMARK [1][-]{section.14}{Statistics in BEAMnrc}{}% 127
\BOOKMARK [1][-]{section.15}{Component Modules}{}% 128
\BOOKMARK [2][-]{subsection.15.1}{Introduction}{section.15}% 129
\BOOKMARK [2][-]{subsection.15.2}{What Each Component Module Does}{section.15}% 130
\BOOKMARK [2][-]{subsection.15.3}{Geometry and Input Parameters of Component Modules}{section.15}% 131
\BOOKMARK [3][-]{subsubsection.15.3.1}{Overview}{subsection.15.3}% 132
\BOOKMARK [3][-]{subsubsection.15.3.2}{SLABS}{subsection.15.3}% 133
\BOOKMARK [3][-]{subsubsection.15.3.3}{CONS3R}{subsection.15.3}% 134
\BOOKMARK [3][-]{subsubsection.15.3.4}{CONESTAK}{subsection.15.3}% 135
\BOOKMARK [3][-]{subsubsection.15.3.5}{FLATFILT}{subsection.15.3}% 136
\BOOKMARK [3][-]{subsubsection.15.3.6}{CHAMBER}{subsection.15.3}% 137
\BOOKMARK [3][-]{subsubsection.15.3.7}{JAWS}{subsection.15.3}% 138
\BOOKMARK [3][-]{subsubsection.15.3.8}{DYNJAWS}{subsection.15.3}% 139
\BOOKMARK [3][-]{subsubsection.15.3.9}{SYNCJAWS}{subsection.15.3}% 140
\BOOKMARK [3][-]{subsubsection.15.3.10}{APPLICAT}{subsection.15.3}% 141
\BOOKMARK [3][-]{subsubsection.15.3.11}{CIRCAPP}{subsection.15.3}% 142
\BOOKMARK [3][-]{subsubsection.15.3.12}{PYRAMIDS}{subsection.15.3}% 143
\BOOKMARK [3][-]{subsubsection.15.3.13}{BLOCK}{subsection.15.3}% 144
\BOOKMARK [3][-]{subsubsection.15.3.14}{MLC}{subsection.15.3}% 145
\BOOKMARK [3][-]{subsubsection.15.3.15}{MLCQ}{subsection.15.3}% 146
\BOOKMARK [3][-]{subsubsection.15.3.16}{VARMLC}{subsection.15.3}% 147
\BOOKMARK [3][-]{subsubsection.15.3.17}{MLCE}{subsection.15.3}% 148
\BOOKMARK [3][-]{subsubsection.15.3.18}{SYNCMLCE}{subsection.15.3}% 149
\BOOKMARK [3][-]{subsubsection.15.3.19}{DYNVMLC}{subsection.15.3}% 150
\BOOKMARK [3][-]{subsubsection.15.3.20}{SYNCVMLC}{subsection.15.3}% 151
\BOOKMARK [3][-]{subsubsection.15.3.21}{SYNCHDMLC}{subsection.15.3}% 152
\BOOKMARK [3][-]{subsubsection.15.3.22}{MESH}{subsection.15.3}% 153
\BOOKMARK [3][-]{subsubsection.15.3.23}{MIRROR}{subsection.15.3}% 154
\BOOKMARK [3][-]{subsubsection.15.3.24}{XTUBE}{subsection.15.3}% 155
\BOOKMARK [3][-]{subsubsection.15.3.25}{SIDETUBE}{subsection.15.3}% 156
\BOOKMARK [3][-]{subsubsection.15.3.26}{ARCCHM}{subsection.15.3}% 157
\BOOKMARK [1][-]{section.16}{Cross-Section Data \205 PEGS4}{}% 158
\BOOKMARK [2][-]{subsection.16.1}{Creating additional cross section data}{section.16}% 159
\BOOKMARK [2][-]{subsection.16.2}{Choice of AE,AP}{section.16}% 160
\BOOKMARK [2][-]{subsection.16.3}{Pegsless Mode}{section.16}% 161
\BOOKMARK [1][-]{section.17}{Distribution and Installation}{}% 162
\BOOKMARK [2][-]{subsubsection.17.0.1}{A Note on Tcl/Tk}{section.17}% 163
\BOOKMARK [1][-]{section.18}{Known Problems/Restrictions}{}% 164
\BOOKMARK [1][-]{section.19}{History of Revisions}{}% 165
\BOOKMARK [2][-]{subsection.19.1}{Changes from BEAMnrc V4 2.3.2 \(18/05/11\) to BEAMnrc V4 2.4.0}{section.19}% 166
\BOOKMARK [2][-]{subsection.19.2}{Changes from BEAMnrc08 to BEAMnrc09}{section.19}% 167
\BOOKMARK [2][-]{subsection.19.3}{Changes from BEAMnrc07 to BEAMnrc08}{section.19}% 168
\BOOKMARK [2][-]{subsection.19.4}{Changes from BEAMnrc06 to BEAMnrc07}{section.19}% 169
\BOOKMARK [2][-]{subsection.19.5}{Changes from BEAMnrc05 to BEAMnrc06}{section.19}% 170
\BOOKMARK [2][-]{subsection.19.6}{Changes from BEAMnrc03 to BEAMnrc05}{section.19}% 171
\BOOKMARK [2][-]{subsection.19.7}{Changes from BEAMnrc02 to BEAMnrc03}{section.19}% 172
\BOOKMARK [2][-]{subsection.19.8}{Changes from BEAM00 to BEAMnrc02}{section.19}% 173
\BOOKMARK [1][-]{section.20}{Acknowledgements}{}% 174
\BOOKMARK [1][-]{section.21}{References}{}% 175
\BOOKMARK [1][-]{section.21}{Appendix A: Specifications for Component Modules for BEAMnrc}{}% 176
\BOOKMARK [2][-]{subsection.A.1}{Overview}{section.21}% 177
\BOOKMARK [2][-]{subsection.A.2}{Writing Component Modules}{section.21}% 178
\BOOKMARK [3][-]{subsubsection.A.2.1}{Tips}{subsection.A.2}% 179
\BOOKMARK [2][-]{subsection.A.3}{Specifications\205CMNAME\137macros.mortran}{section.21}% 180
\BOOKMARK [3][-]{subsubsection.A.3.1}{COMIN/CM\137\044CMNAME macro}{subsection.A.3}% 181
\BOOKMARK [3][-]{subsubsection.A.3.2}{\044CMNAME\137CM\137HOWNEAR\(\043\) macro}{subsection.A.3}% 182
\BOOKMARK [2][-]{subsection.A.4}{Specifications\205CMNAME\137cm.mortran}{section.21}% 183
\BOOKMARK [3][-]{subsubsection.A.4.1}{SUBROUTINE INPUT\137\044CMNAME}{subsection.A.4}% 184
\BOOKMARK [3][-]{subsubsection.A.4.2}{SUBROUTINE ISUMRY\137\044CMNAME}{subsection.A.4}% 185
\BOOKMARK [3][-]{subsubsection.A.4.3}{SUBROUTINE HOWFAR\137\044CMNAME}{subsection.A.4}% 186
\BOOKMARK [3][-]{subsubsection.A.4.4}{SUBROUTINE WHERE\137AM\137I\137\044CMNAME}{subsection.A.4}% 187
\BOOKMARK [3][-]{subsubsection.A.4.5}{SUBROUTINE HOWNEAR\137\044CMNAME}{subsection.A.4}% 188
\BOOKMARK [2][-]{subsection.A.5}{Specifications\205COMIN/CMs/}{section.21}% 189
\BOOKMARK [2][-]{subsection.A.6}{Useful Utilities}{section.21}% 190
