\BOOKMARK [0][-]{chapter.1}{BEAM GUI}{}% 1
\BOOKMARK [1][-]{section.1.1}{Introduction}{chapter.1}% 2
\BOOKMARK [1][-]{section.1.2}{Tcl/Tk Notes}{chapter.1}% 3
\BOOKMARK [2][-]{subsection.1.2.1}{Previews}{section.1.2}% 4
\BOOKMARK [2][-]{subsection.1.2.2}{Translating an \(x,y\) point onto canvas coordinates}{section.1.2}% 5
\BOOKMARK [1][-]{section.1.3}{The BEAM GUI}{chapter.1}% 6
\BOOKMARK [1][-]{section.1.4}{Tcl/Tk Files for the BEAM GUI}{chapter.1}% 7
\BOOKMARK [1][-]{section.1.5}{Adding a Component Module to the Package}{chapter.1}% 8
\BOOKMARK [1][-]{section.1.6}{Naming Conventions}{chapter.1}% 9
\BOOKMARK [2][-]{subsection.1.6.1}{GUI variables}{section.1.6}% 10
\BOOKMARK [2][-]{subsection.1.6.2}{Main parameters}{section.1.6}% 11
\BOOKMARK [2][-]{subsection.1.6.3}{APPLICAT}{section.1.6}% 12
\BOOKMARK [2][-]{subsection.1.6.4}{BLOCK}{section.1.6}% 13
\BOOKMARK [2][-]{subsection.1.6.5}{CHAMBER}{section.1.6}% 14
\BOOKMARK [2][-]{subsection.1.6.6}{CIRCAPP}{section.1.6}% 15
\BOOKMARK [2][-]{subsection.1.6.7}{CONESTAK}{section.1.6}% 16
\BOOKMARK [2][-]{subsection.1.6.8}{CONS3R}{section.1.6}% 17
\BOOKMARK [2][-]{subsection.1.6.9}{FLATFILT}{section.1.6}% 18
\BOOKMARK [2][-]{subsection.1.6.10}{JAWS}{section.1.6}% 19
\BOOKMARK [2][-]{subsection.1.6.11}{PYRAMIDS}{section.1.6}% 20
\BOOKMARK [2][-]{subsection.1.6.12}{SIDETUBE}{section.1.6}% 21
\BOOKMARK [2][-]{subsection.1.6.13}{MESH}{section.1.6}% 22
\BOOKMARK [2][-]{subsection.1.6.14}{MIRROR}{section.1.6}% 23
\BOOKMARK [2][-]{subsection.1.6.15}{MLC}{section.1.6}% 24
\BOOKMARK [2][-]{subsection.1.6.16}{XTUBE}{section.1.6}% 25
\BOOKMARK [2][-]{subsection.1.6.17}{SLABS}{section.1.6}% 26
\BOOKMARK [2][-]{subsection.1.6.18}{ARCCHM}{section.1.6}% 27
\BOOKMARK [0][-]{chapter.2}{DOSXYZ GUI}{}% 28
\BOOKMARK [1][-]{section.2.1}{Introduction}{chapter.2}% 29
\BOOKMARK [1][-]{section.2.2}{Tcl/Tk Files for the GUI}{chapter.2}% 30
\BOOKMARK [1][-]{section.2.3}{Naming Conventions}{chapter.2}% 31
\BOOKMARK [2][-]{subsection.2.3.1}{Main}{section.2.3}% 32
\BOOKMARK [2][-]{subsection.2.3.2}{Source}{section.2.3}% 33
\BOOKMARK [2][-]{subsection.2.3.3}{Define media}{section.2.3}% 34
\BOOKMARK [2][-]{subsection.2.3.4}{Define voxel geometries}{section.2.3}% 35
\BOOKMARK [2][-]{subsection.2.3.5}{Define voxel media}{section.2.3}% 36
