\BOOKMARK [1][-]{section.1}{Why YOU Need These GUIs!}{}% 1
\BOOKMARK [1][-]{section.2}{Getting and Installing the GUIs}{}% 2
\BOOKMARK [2][-]{subsection.2.1}{Tcl/Tk}{section.2}% 3
\BOOKMARK [2][-]{subsection.2.2}{Installing the GUIs}{section.2}% 4
\BOOKMARK [1][-]{section.3}{The BEAMnrc GUI}{}% 5
\BOOKMARK [2][-]{subsection.3.1}{Setting the GUI defaults}{section.3}% 6
\BOOKMARK [2][-]{subsection.3.2}{Specifying an accelerator}{section.3}% 7
\BOOKMARK [2][-]{subsection.3.3}{Loading PEGS4 cross-sectional data}{section.3}% 8
\BOOKMARK [2][-]{subsection.3.4}{Defining simulation parameters}{section.3}% 9
\BOOKMARK [3][-]{subsubsection.3.4.1}{EGSnrc input parameters}{subsection.3.4}% 10
\BOOKMARK [2][-]{subsection.3.5}{The fast track}{section.3}% 11
\BOOKMARK [2][-]{subsection.3.6}{Defining component modules}{section.3}% 12
\BOOKMARK [3][-]{subsubsection.3.6.1}{Option to define JAW settings automatically}{subsection.3.6}% 13
\BOOKMARK [2][-]{subsection.3.7}{Previewing components}{section.3}% 14
\BOOKMARK [2][-]{subsection.3.8}{Previewing the accelerator}{section.3}% 15
\BOOKMARK [2][-]{subsection.3.9}{Selecting a colour scheme}{section.3}% 16
\BOOKMARK [2][-]{subsection.3.10}{Compiling and Running BEAMnrc}{section.3}% 17
\BOOKMARK [2][-]{subsection.3.11}{Known bugs and further changes}{section.3}% 18
\BOOKMARK [1][-]{section.4}{The DOSXYZnrc GUI}{}% 19
\BOOKMARK [2][-]{subsection.4.1}{Editing DOSXYZnrc parameters}{section.4}% 20
\BOOKMARK [2][-]{subsection.4.2}{Loading a previous input file}{section.4}% 21
\BOOKMARK [2][-]{subsection.4.3}{Defining the phantom using CT data}{section.4}% 22
\BOOKMARK [2][-]{subsection.4.4}{Defining the phantom voxel-by-voxel}{section.4}% 23
\BOOKMARK [2][-]{subsection.4.5}{Defining the source}{section.4}% 24
\BOOKMARK [2][-]{subsection.4.6}{Simulation parameters}{section.4}% 25
\BOOKMARK [2][-]{subsection.4.7}{EGSnrc parameters}{section.4}% 26
\BOOKMARK [2][-]{subsection.4.8}{Compiling and running DOSXYZnrc}{section.4}% 27
\BOOKMARK [1][-]{section.5}{The BEAMDP GUI}{}% 28
\BOOKMARK [1][-]{section.6}{References}{}% 29
